<?xml version="1.0" encoding="UTF-8"?>
<!-- Generated by org.testng.reporters.JUnitReportReporter -->
<testsuite skipped="0" hostname="E4ML35540" name="Assignment_7.FindFlights" tests="1" failures="0" timestamp="2020-08-24T15:18:15 CDT" time="19.934" errors="0">
  <testcase name="bookFlight" time="19.934" classname="Assignment_7.FindFlights"/>
</testsuite> <!-- Assignment_7.FindFlights -->
